0 info it worked if it ends with ok
1 verbose cli [ 'node', '/usr/local/bin/npm', 'i', 'Handlerbars' ]
2 info using npm@1.3.11
3 info using node@v0.10.20
4 verbose readDependencies using package.json deps
5 verbose cache add [ 'Handlerbars', null ]
6 verbose cache add name=undefined spec="Handlerbars" args=["Handlerbars",null]
7 verbose parsed url { protocol: null,
7 verbose parsed url   slashes: null,
7 verbose parsed url   auth: null,
7 verbose parsed url   host: null,
7 verbose parsed url   port: null,
7 verbose parsed url   hostname: null,
7 verbose parsed url   hash: null,
7 verbose parsed url   search: null,
7 verbose parsed url   query: null,
7 verbose parsed url   pathname: 'Handlerbars',
7 verbose parsed url   path: 'Handlerbars',
7 verbose parsed url   href: 'Handlerbars' }
8 silly lockFile 5d27a09c-Handlerbars Handlerbars
9 verbose lock Handlerbars /Users/caleb/.npm/5d27a09c-Handlerbars.lock
10 silly lockFile 5d27a09c-Handlerbars Handlerbars
11 silly lockFile 5d27a09c-Handlerbars Handlerbars
12 verbose addNamed [ 'Handlerbars', '' ]
13 verbose addNamed [ null, '*' ]
14 silly lockFile fef81eb3-Handlerbars Handlerbars@
15 verbose lock Handlerbars@ /Users/caleb/.npm/fef81eb3-Handlerbars.lock
16 silly addNameRange { name: 'Handlerbars', range: '*', hasData: false }
17 verbose url raw Handlerbars
18 verbose url resolving [ 'https://registry.npmjs.org/', './Handlerbars' ]
19 verbose url resolved https://registry.npmjs.org/Handlerbars
20 info trying registry request attempt 1 at 15:39:10
21 http GET https://registry.npmjs.org/Handlerbars
22 http 404 https://registry.npmjs.org/Handlerbars
23 silly registry.get cb [ 404,
23 silly registry.get   { date: 'Fri, 26 Dec 2014 23:39:10 GMT',
23 silly registry.get     server: 'CouchDB/1.5.0 (Erlang OTP/R16B03)',
23 silly registry.get     'content-type': 'application/json',
23 silly registry.get     'cache-control': 'max-age=0',
23 silly registry.get     'content-length': '52',
23 silly registry.get     'accept-ranges': 'bytes',
23 silly registry.get     via: '1.1 varnish',
23 silly registry.get     age: '0',
23 silly registry.get     'x-served-by': 'cache-ord1730-ORD',
23 silly registry.get     'x-cache': 'MISS',
23 silly registry.get     'x-cache-hits': '0',
23 silly registry.get     'x-timer': 'S1419637150.782185,VS0,VE133',
23 silly registry.get     'keep-alive': 'timeout=10, max=50',
23 silly registry.get     connection: 'Keep-Alive' } ]
24 silly lockFile fef81eb3-Handlerbars Handlerbars@
25 silly lockFile fef81eb3-Handlerbars Handlerbars@
26 error 404 'Handlerbars' is not in the npm registry.
26 error 404 You should bug the author to publish it
26 error 404
26 error 404 Note that you can also install from a
26 error 404 tarball, folder, or http url, or git url.
27 error System Darwin 10.8.0
28 error command "node" "/usr/local/bin/npm" "i" "Handlerbars"
29 error cwd /Users/caleb/Projects/Switchtile
30 error node -v v0.10.20
31 error npm -v 1.3.11
32 error code E404
33 verbose exit [ 1, true ]
