{"level":"info","message":"Server started at  http://0.0.0.0:8000","timestamp":"2014-12-27T20:26:39.906Z"}
{"level":"info","message":"Server started at  http://0.0.0.0:8000","timestamp":"2014-12-27T20:28:45.034Z"}
2014-12-27T21:26:22.576Z - info: Server started at  http://0.0.0.0:8000
2014-12-27T21:26:31.469Z - info: Creating user: Coder13
2014-12-27T21:27:07.072Z - info: User: Coder13 logging in
2014-12-27T21:27:20.547Z - info: User: Coder13 logging in
2014-12-27T21:27:30.525Z - info: User: Coder13 logging in
2014-12-27T21:27:40.738Z - info: User: Coder13 logging in
2014-12-27T21:27:43.229Z - info: User: Coder13 logging in
2014-12-27T21:27:59.877Z - info: User: Coder13 logging in
2014-12-27T21:28:04.432Z - info: User: Coder13 logging in
2014-12-27T21:28:56.659Z - info: User: Coder13 logging in
2014-12-27T21:28:59.221Z - info: User: Coder13 logging in
2014-12-27T21:29:00.632Z - info: User: Coder13 logging in
2014-12-27T21:29:02.227Z - info: User: Coder13 logging in
2014-12-27T21:29:30.721Z - info: User: Coder13 logging in
2014-12-27T21:31:04.780Z - info: User: Coder13 logging in
2014-12-27T21:31:34.052Z - info: User: Coder13 logging in
2014-12-27T21:32:09.608Z - info: User: Coder13 logging in
2014-12-27T21:32:19.313Z - info: User: Coder13 logging in
2014-12-27T21:32:22.506Z - info: autosaving....
2014-12-27T21:33:02.477Z - info: User: Coder13 logging in
2014-12-27T21:33:28.534Z - info: User: Coder13 logging in
2014-12-27T21:33:42.076Z - info: User: Coder13 logging in
2014-12-27T21:33:59.019Z - info: User: Coder13 logging in
2014-12-27T21:34:05.562Z - info: User: Coder13 logging in
2014-12-27T21:34:20.185Z - info: User: Coder13 logging in
2014-12-27T21:34:27.340Z - info: User: Coder13 logging in
2014-12-27T21:34:47.192Z - info: User: Coder13 logging in
2014-12-27T21:37:45.635Z - info: User: Coder13 logging in
2014-12-27T21:39:54.051Z - info: User: Coder13 logging in
2014-12-27T21:40:02.224Z - info: User: Coder13 logging in
2014-12-27T21:40:03.322Z - info: User: Coder13 logging in
2014-12-27T21:40:06.423Z - info: User: Coder13 logging in
2014-12-27T21:40:54.959Z - info: User: Coder13 logging in
2014-12-27T21:41:01.045Z - info: User: Coder13 logging in
2014-12-27T21:41:07.408Z - info: Creating user: Caleb
2014-12-27T21:41:17.945Z - info: User: Coder13 logging in
2014-12-27T22:29:32.666Z - warn: config.json doesn't exist.
2014-12-27T22:29:32.753Z - info: Server started at  http://0.0.0.0:8000
2014-12-27T22:29:36.991Z - info: User: Coder13 logging in
2014-12-27T22:29:44.866Z - info: User: Coder13 logging in
2014-12-27T22:40:44.843Z - warn: config.json doesn't exist.
2014-12-27T22:40:44.923Z - info: Server started at  http://0.0.0.0:8000
2014-12-27T22:43:16.370Z - info: User: Coder13 logging in
2014-12-27T22:43:59.309Z - info: User: Coder13 logging in
2014-12-27T22:44:03.704Z - info: User: Coder13 logging in
2014-12-27T22:44:08.252Z - info: User: Coder13 logging in
2014-12-27T22:44:52.630Z - info: User: Coder13 logging in
2014-12-27T22:44:56.710Z - info: User: Coder13 logging in
2014-12-27T23:01:54.603Z - warn: config.json doesn't exist.
2014-12-27T23:01:54.675Z - info: Server started at  http://0.0.0.0:8000
2014-12-27T23:05:29.080Z - info: User: Coder13 logging in
2014-12-27T23:06:54.613Z - info: autosaving....
2014-12-27T23:08:27.157Z - info: User: Coder13 logging in
2014-12-27T23:11:54.631Z - info: autosaving....
2014-12-27T23:16:54.704Z - info: autosaving....
2014-12-27T23:23:43.352Z - info: User: Coder13 logging in
2014-12-27T23:24:55.336Z - info: User: Coder13 logging in
2014-12-27T23:45:56.948Z - warn: config.json doesn't exist.
2014-12-27T23:45:57.123Z - info: Server started at  http://0.0.0.0:8000
2014-12-27T23:46:08.850Z - info: User: Coder13 logging in
2014-12-27T23:50:56.954Z - info: autosaving....
2014-12-27T23:54:37.721Z - info: Creating user: coder13
2014-12-27T23:55:13.206Z - info: User: coder13 logging in
2014-12-27T23:55:57.047Z - info: autosaving....
2014-12-28T00:06:44.000Z - info: User: coder13 logging in
2014-12-28T00:06:50.591Z - info: User: coder13 logging in
2014-12-28T00:09:39.347Z - info: User: coder13 logging in
2014-12-28T00:10:02.651Z - info: User: coder13 logging in
2014-12-28T00:11:01.604Z - info: User: coder13 logging in
2014-12-28T00:11:29.182Z - info: User: coder13 logging in
2014-12-28T00:11:37.088Z - info: User: coder13 logging in
2014-12-28T00:18:00.431Z - info: User: coder13 logging in
2014-12-28T00:18:06.127Z - info: User: coder13 logging in
2014-12-28T00:19:12.737Z - info: User: coder13 logging in
2014-12-28T00:19:15.467Z - info: User: coder13 logging in
2014-12-28T00:19:19.123Z - info: User: coder13 logging in
2014-12-28T00:19:21.332Z - info: User: coder13 logging in
2014-12-28T00:19:25.711Z - info: User: coder13 logging in
2014-12-28T00:21:01.146Z - info: User: coder13 logging in
2014-12-28T00:21:35.653Z - info: User: coder13 logging in
2014-12-28T00:23:29.708Z - info: User: coder13 logging in
2014-12-28T00:23:38.411Z - info: User: coder13 logging in
2014-12-28T00:25:42.870Z - info: User: coder13 logging in
2014-12-28T00:25:51.375Z - info: User: coder13 logging in
2014-12-28T00:26:23.073Z - info: User: coder13 logging in
2014-12-28T00:28:11.463Z - info: User: coder13 logging in
2014-12-28T00:31:35.056Z - info: User: coder13 logging in
2014-12-28T00:32:06.970Z - info: User: coder13 logging in
2014-12-28T00:32:59.544Z - info: User: coder13 logging in
2014-12-28T00:33:39.416Z - info: User: coder13 logging in
2014-12-28T00:33:43.897Z - info: User: coder13 logging in
2014-12-28T00:33:46.619Z - info: User: coder13 logging in
2014-12-28T00:33:50.050Z - info: User: coder13 logging in
2014-12-28T00:39:22.747Z - info: User: coder13 logging in
2014-12-28T00:39:26.992Z - info: User: coder13 logging in
2014-12-28T00:39:29.120Z - info: User: coder13 logging in
2014-12-28T00:39:31.133Z - info: User: coder13 logging in
2014-12-28T00:40:42.818Z - info: User: coder13 logging in
2014-12-28T00:41:22.649Z - info: User: coder13 logging in
2014-12-28T00:42:00.724Z - info: User: coder13 logging in
2014-12-28T00:45:41.213Z - info: User: coder13 logging in
2014-12-28T00:47:11.057Z - info: User: coder13 logging in
2014-12-28T00:48:09.306Z - info: User: coder13 logging in
2014-12-28T00:48:19.740Z - info: User: coder13 logging in
2014-12-28T00:48:22.373Z - info: User: coder13 logging in
2014-12-28T00:48:38.802Z - info: User: coder13 logging in
2014-12-28T00:49:20.113Z - info: User: coder13 logging in
2014-12-28T00:49:25.112Z - info: User: coder13 logging in
2014-12-28T00:56:22.367Z - info: User: coder13 logging in
2014-12-28T00:56:26.521Z - info: User: coder13 logging in
2014-12-28T00:56:28.211Z - info: User: coder13 logging in
2014-12-28T00:56:30.176Z - info: User: coder13 logging in
2014-12-28T00:56:40.086Z - info: User: coder13 logging in
2014-12-28T00:56:46.837Z - info: User: coder13 logging in
2014-12-28T00:56:48.282Z - info: User: coder13 logging in
2014-12-28T00:56:49.973Z - info: User: coder13 logging in
2014-12-28T00:58:12.437Z - info: User: coder13 logging in
2014-12-28T01:00:17.205Z - info: User: coder13 logging in
2014-12-28T01:00:30.567Z - info: User: coder13 logging in
2014-12-28T01:00:37.383Z - info: User: coder13 logging in
2014-12-28T01:00:41.059Z - info: User: coder13 logging in
2014-12-28T01:00:42.441Z - info: User: coder13 logging in
2014-12-28T01:00:44.069Z - info: User: coder13 logging in
2014-12-28T01:01:05.833Z - info: User: coder13 logging in
2014-12-28T01:06:12.441Z - info: User: coder13 logging in
2014-12-28T01:08:03.440Z - info: User: coder13 logging in
2014-12-28T01:10:57.122Z - info: autosaving....
2014-12-28T01:53:07.802Z - info: User: coder13 logging in
2014-12-28T01:54:08.035Z - info: User: coder13 logging in
2014-12-28T01:54:33.184Z - info: User: coder13 logging in
2014-12-28T02:02:31.895Z - info: User: coder13 logging in
2014-12-28T02:02:58.740Z - info: User: coder13 logging in
2014-12-28T02:05:57.258Z - info: autosaving....
2014-12-28T02:09:10.804Z - info: shuting down. Saving and safely stoping....
2014-12-28T04:33:55.840Z - info: Server started at  http://0.0.0.0:8000
2014-12-28T04:34:02.539Z - info: User: coder13 logging in
2014-12-28T04:34:19.682Z - info: User: coder13 logging in
2014-12-28T04:34:40.762Z - info: User: coder13 logging in
2014-12-28T04:35:13.383Z - info: User: coder13 logging in
2014-12-28T04:35:49.785Z - info: User: coder13 logging in
2014-12-28T04:35:57.069Z - info: User: coder13 logging in
2014-12-28T04:36:09.447Z - info: User: coder13 logging in
2014-12-28T04:36:14.620Z - info: User: coder13 logging in
2014-12-28T04:36:43.243Z - info: User: coder13 logging in
2014-12-28T04:36:56.634Z - info: User: coder13 logging in
2014-12-28T04:39:27.107Z - info: User: coder13 logging in
2014-12-28T04:39:37.998Z - info: User: coder13 logging in
2014-12-28T04:39:45.873Z - info: User: coder13 logging in
2014-12-28T04:39:55.741Z - info: User: coder13 logging in
2014-12-28T04:40:26.143Z - info: User: coder13 logging in
2014-12-28T04:40:39.962Z - info: User: coder13 logging in
2014-12-28T04:40:48.355Z - info: User: coder13 logging in
2014-12-28T04:41:05.182Z - info: User: coder13 logging in
2014-12-28T04:41:21.274Z - info: User: coder13 logging in
2014-12-28T04:41:26.624Z - info: User: coder13 logging in
2014-12-28T04:41:34.468Z - info: User: coder13 logging in
2014-12-28T04:42:08.404Z - info: User: coder13 logging in
2014-12-28T04:42:19.579Z - info: User: coder13 logging in
2014-12-28T04:42:34.324Z - info: User: coder13 logging in
2014-12-28T04:42:41.990Z - info: User: coder13 logging in
2014-12-28T04:44:51.884Z - info: User: coder13 logging in
2014-12-28T04:46:06.573Z - info: User: coder13 logging in
2014-12-28T04:46:13.853Z - info: User: coder13 logging in
2014-12-28T04:46:23.434Z - info: User: coder13 logging in
2014-12-28T04:46:33.411Z - info: User: coder13 logging in
2014-12-28T04:46:36.979Z - info: User: coder13 logging in
2014-12-28T04:47:09.760Z - info: User: coder13 logging in
2014-12-28T04:47:55.190Z - info: User: coder13 logging in
2014-12-28T04:48:21.898Z - info: User: coder13 logging in
2014-12-28T04:48:32.856Z - info: User: coder13 logging in
2014-12-28T04:48:58.928Z - info: User: coder13 logging in
2014-12-28T04:49:23.500Z - info: User: coder13 logging in
2014-12-28T04:49:29.530Z - info: User: coder13 logging in
2014-12-28T04:53:48.873Z - info: User: coder13 logging in
2014-12-28T04:54:20.820Z - info: User: coder13 logging in
2014-12-28T04:54:46.228Z - info: User: coder13 logging in
2014-12-28T05:02:43.260Z - info: User: coder13 logging in
2014-12-28T05:03:34.878Z - info: User: coder13 logging in
2014-12-28T05:03:50.081Z - info: User: coder13 logging in
2014-12-28T05:04:11.203Z - info: User: coder13 logging in
2014-12-28T05:15:51.065Z - info: User: coder13 logging in
2014-12-28T05:57:15.789Z - info: autosaving....
2014-12-28T14:52:16.238Z - info: shuting down. Saving and safely stoping....
2014-12-28T14:52:19.146Z - info: Server started at  http://0.0.0.0:8000
